1	661.099532	1.118e-24	0.1014	0.0767	0.42	2337.667	0.56	-0.0009	5	5	5	2	4	3	18	767	61	95	819	43
1	661.108207	1.687e-30	0.146	0.0791	0.371	5121.6001	0.61	0.0085	4	4	4	2	3	3	762	26	41	817	819	38
1	661.142511	2.232e-30	0.08244	0.0747	0.333	4769.0381	0.56	-0.0024	4	4	4	2	3	3	762	26	41	817	819	41
1	661.187746	2.979e-25	0.149	0.0603	0.327	2439.9546	0.57	0.0025	5	5	5	2	4	3	18	767	61	95	819	41
1	661.643716	1.687e-30	0.2649	0.0776	0.315	5087.0166	0.51	-0.0034	4	4	4	2	3	3	762	26	41	817	819	41
1	661.684843	4.385e-27	0.04694	0.0511	0.265	3391.1262	0.24	-0.0038	5	5	5	2	4	3	18	767	61	95	819	41
1	661.737162	6.666e-28	1.718	0.0458	0.298	4260.3511	0.48	0.0022	4	4	4	2	3	3	762	26	41	817	819	41
1	661.857479	3.368e-27	0.01298	0.0527	0.275	2903.146	0.51	0.0112	5	5	5	2	4	3	18	767	61	95	819	41
1	661.882127	3.239e-29	0.2803	0.0215	0.221	4833.2061	0.41	0.0004	4	4	4	2	3	3	762	26	42	95	101	42
1	662.371716	5.108e-27	0.4849	0.0865	0.434	3387.6807	0.69	-0.003192	5	5	4	2	4	3	20	33	38	817	819	38
1	662.487128	2.367e-29	99.73	0.0158	0.221	6082.4102	0.38	-0.0015	3	4	4	2	3	3	762	26	42	817	101	42
1	662.488567	7.89e-30	99.73	0.0158	0.221	6082.4097	0.38	-0.0015	3	4	4	2	3	3	762	26	42	817	101	42
1	662.885585	1.078e-24	0.01451	0.0653	0.309	1774.6165	0.67	0.0001	5	5	5	5	4	3	18	767	56	95	62	56
1	662.946851	2.034e-22	0.06567	0.0686	0.291	927.7439	0.68	-0.00299	5	5	5	5	4	3	18	767	62	69	62	56
1	663.196552	2.327e-30	0.002229	0.0396	0.315	4263.1499	0.51	-0.000224	4	4	4	2	3	3	762	26	38	817	819	38
1	664.087164	1.67e-30	0.3576	0.0075	0.172	5276.8003	0.41	0.0	3	4	4	2	3	0	762	26	45	817	101	886
1	664.132234	3.814e-30	0.1876	0.0532	0.221	5152.9624	0.36	-0.0123	4	4	4	2	3	3	762	26	42	817	101	42
1	664.195561	8.922e-27	76.84	0.0319	0.175	4830.894	0.16	0.0	5	5	5	2	4	0	18	767	62	94	62	886
1	664.391945	2.858e-29	0.2996	0.0301	0.208	4847.6201	0.38	0.0093	4	4	4	2	3	3	762	26	42	817	101	42
1	664.454495	1.138e-30	0.0002023	0.0364	0.333	3895.2527	0.56	-0.003264	4	4	4	6	8	3	762	26	38	817	819	38
1	664.53473	2.979e-27	76.94	0.0319	0.174	4830.6143	0.16	0.0	5	5	5	2	4	0	18	767	62	94	62	886
1	664.781439	6.445e-26	5.428	0.038	0.272	3587.667	0.24	0.017	5	5	5	2	4	3	18	767	61	95	819	42
1	665.008959	1.047e-30	151.4	0.0032	0.235	6569.4072	0.36	-0.0011	3	4	4	2	3	3	762	26	42	817	101	42
1	665.00896	3.141e-30	151.4	0.0032	0.235	6569.4072	0.36	-0.0011	3	4	4	2	3	3	762	26	42	817	101	42
1	665.126931	8.741e-30	9.487e-06	0.0337	0.235	2918.2437	0.36	-0.0031	3	4	4	2	3	3	762	26	44	817	101	44
1	665.623534	6.007e-28	0.2056	0.0086	0.183	3940.5425	0.41	-0.0022	3	4	4	2	3	3	762	26	44	817	101	44
1	665.880121	1.632e-30	0.001555	0.0335	0.298	4260.4663	0.51	-0.006976	4	4	4	2	3	3	762	26	41	817	819	41
1	665.913389	5.721e-25	0.02863	0.0513	0.224	2073.5151	0.64	-0.0039	5	5	5	2	4	3	18	767	62	95	62	42
1	665.970582	9.239e-30	0.01266	0.0427	0.195	4428.1123	0.41	-0.009892	4	4	4	2	3	3	762	26	44	817	101	44
1	665.98834	9.636e-30	0.0006823	0.0863	0.391	3626.9224	0.62	-0.000904	5	4	4	2	3	3	762	26	38	817	819	38
1	666.431562	3.551e-25	3.765	0.0439	0.263	3386.3794	0.24	-0.0057	5	5	5	2	4	3	18	767	61	95	819	41
1	666.924432	4.605e-27	140.7	0.0294	0.092	5066.2295	0.19	-0.0023	5	5	5	2	4	3	18	767	62	95	62	42
1	666.924432	1.535e-27	140.7	0.0295	0.075	5066.2295	0.19	0.0	5	5	5	2	4	0	18	767	62	94	62	886
1	667.418627	2.279e-30	0.0002846	0.0904	0.391	3482.48	0.67	-0.00216	4	4	4	2	3	3	762	26	38	817	819	38
1	667.424016	5.588e-30	0.0001429	0.0945	0.434	3289.2417	0.71	0.003484	5	4	4	2	3	3	762	26	38	817	819	38
1	667.448825	4.515e-24	0.0002016	0.0735	0.29	744.1627	0.74	0.0048	5	5	5	2	4	3	18	767	62	95	62	41
1	667.653864	2.775e-27	61.79	0.0317	0.182	5035.126	0.19	0.0007	5	5	5	2	4	3	18	767	62	94	62	42
1	667.741841	1.411e-27	0.4723	0.072	0.391	3719.4929	0.62	-0.005076	5	5	4	2	4	3	20	33	38	817	819	38
1	668.245504	4.189e-29	0.3524	0.0075	0.172	4608.5547	0.41	0.0	3	4	4	2	3	0	762	26	45	817	101	886
1	668.456055	2.201e-30	0.1535	0.0248	0.265	5193.8818	0.24	-0.013232	4	4	4	2	3	3	762	26	41	817	819	41
1	668.867983	1.001e-26	0.556	0.0976	0.456	3221.9612	0.71	0.005236	5	5	4	2	4	3	20	33	38	817	819	38
1	668.923253	5.369e-22	0.01117	0.0743	0.34	586.2436	0.65	0.0069	5	5	5	2	4	3	18	767	62	95	62	41
1	669.567903	9.539e-30	0.005754	0.0667	0.333	3894.7986	0.57	0.0067	4	4	4	2	3	3	762	26	41	817	819	41
1	669.992974	9.915e-26	1.258	0.0642	0.373	3162.259	0.48	0.0058	5	5	5	2	4	3	18	767	61	95	819	41
1	670.067386	7.37e-28	0.04667	0.0175	0.195	3567.2524	0.41	-0.001692	3	4	4	2	3	3	762	26	44	817	101	44
1	670.112354	6.423e-23	5.694	0.0558	0.285	2414.7234	0.46	0.018	5	5	5	2	4	3	18	767	62	95	62	42
1	670.147293	2.334e-27	0.04926	0.0188	0.195	3567.1716	0.41	-0.003592	4	5	4	2	3	3	762	767	44	817	101	44
1	670.198989	3.998e-28	0.2408	0.0639	0.352	3894.1675	0.57	0.0072	4	4	4	2	3	3	762	26	41	817	819	41
1	670.254495	3.995e-30	85.62	0.0164	0.208	6198.6226	0.41	-0.0016	3	4	4	2	3	3	762	26	42	817	101	42
1	670.318162	1.199e-29	85.63	0.0164	0.208	6198.5693	0.41	-0.0016	3	4	4	2	3	3	762	26	42	817	101	42
1	670.521751	2.773e-27	2.938e-07	0.0756	0.248	920.1684	0.8	0.0029	5	5	5	2	4	3	18	767	62	95	62	41
1	670.818436	2.959e-28	0.001343	0.0623	0.235	2983.3953	0.36	-0.008492	4	4	4	2	3	3	762	26	44	817	101	44
1	670.990113	1.907e-29	0.03852	0.0511	0.352	4368.6367	0.57	-0.010752	4	4	4	2	3	3	762	26	41	817	819	38
1	671.095814	6.148e-30	0.03725	0.0495	0.352	4368.5459	0.57	-0.0098	4	4	4	2	3	3	762	26	41	817	819	38
1	671.360184	1.395e-22	5.488	0.0394	0.253	2246.885	0.35	0.011	5	5	5	5	4	3	18	767	56	95	62	56
1	671.378463	3.061e-26	0.09796	0.0498	0.218	2952.387	0.55	-0.0067	5	5	5	2	4	3	18	767	62	95	62	42
1	671.515996	8.492e-27	0.5589	0.0919	0.456	3255.3462	0.71	-0.002716	5	5	4	2	4	3	20	33	38	817	819	38
1	671.733401	1.133e-27	0.1299	0.0792	0.391	3722.731	0.62	-0.002428	5	5	4	2	4	3	20	33	38	817	819	38
1	671.75152	4.886e-30	70.35	0.0189	0.195	6353.4009	0.41	-0.0054	3	4	4	2	3	3	762	26	42	817	101	42
1	671.751601	2.504e-30	0.5689	0.0551	0.298	5175.9541	0.48	0.0113	4	4	4	2	3	3	762	26	41	817	819	41
1	671.772469	4.089e-25	1.448	0.0384	0.253	2915.8943	0.39	-0.0017	5	5	5	2	4	3	18	767	61	95	819	41
1	671.865724	2.526e-27	108.3	0.0343	0.154	4919.2534	0.25	0.0028	5	5	5	2	4	3	18	767	62	95	62	42
1	671.866134	7.58e-27	108.3	0.0343	0.154	4919.2529	0.25	0.0028	5	5	5	2	4	3	18	767	62	95	62	42
1	671.873685	2.038e-27	0.08573	0.0835	0.412	3482.0645	0.67	0.000364	5	5	4	2	4	3	20	33	41	817	819	41
1	671.885307	5.442e-24	0.003092	0.0681	0.37	1327.1101	0.77	0.00128	5	5	6	5	4	3	18	767	56	95	62	56
1	672.088156	2.996e-30	1.271e-05	0.0623	0.235	2983.3953	0.36	-0.008492	4	4	4	2	3	3	762	26	44	817	101	44
1	672.143971	5.267e-30	1.02e-06	0.0656	0.265	2300.6841	0.39	-0.0088	4	4	4	2	3	3	762	26	44	817	819	44
1	672.204861	1.258e-30	0.0001546	0.0164	0.183	3940.5845	0.41	-0.0023	4	4	4	2	3	3	762	26	44	817	101	44
1	672.242378	4.794e-30	0.1293	0.0504	0.235	4784.998	0.36	-0.0125	3	4	4	2	3	3	762	26	42	817	101	42
1	672.507651	1.696e-24	0.02882	0.0472	0.214	2073.5159	0.68	0.0017	5	5	5	2	4	3	18	767	62	95	62	41
1	672.672252	1.36e-27	159.5	0.0258	0.087	5339.6714	0.1	0.0	5	5	5	2	4	0	18	767	62	94	62	886
1	672.673109	4.602e-28	161.9	0.0288	0.221	5339.6699	0.38	0.0	3	4	4	2	3	0	762	26	45	817	101	886
1	673.141267	2.094e-30	0.0008467	0.0856	0.371	3784.6772	0.61	-0.003604	4	4	4	2	3	3	762	26	38	817	819	38
1	673.14229	1.499e-30	0.01163	0.0298	0.298	4480.3911	0.48	-0.004276	4	4	4	2	3	3	762	26	41	817	819	41
1	673.233883	2.467e-30	1.283e-05	0.0325	0.235	3264.3362	0.36	-0.007092	4	4	4	2	3	3	762	26	44	817	101	44
1	673.246539	2.551e-28	0.002851	0.054	0.315	3321.0132	0.56	-0.006	5	4	4	2	3	3	762	26	41	817	819	41
1	673.284038	5.143e-23	0.002984	0.0865	0.395	542.9058	0.75	0.00106	5	5	6	5	4	3	18	767	56	95	62	56
1	673.330263	8.505e-29	0.002851	0.0537	0.315	3320.9297	0.56	-0.0059	5	4	4	2	3	3	762	26	42	817	819	41
1	673.373162	1.575e-26	0.5268	0.0864	0.434	3392.7495	0.69	-0.002312	5	5	4	2	4	3	20	33	38	817	819	38
1	673.37693	1.259e-30	0.01135	0.0746	0.352	4448.9707	0.57	0.0058	4	4	4	2	3	3	762	26	41	817	819	41
1	673.539671	1.495e-30	0.01022	0.0387	0.315	4661.4482	0.51	-0.0002	4	4	4	2	3	3	762	26	43	817	819	43
1	673.55254	1.276e-30	4.408e-05	0.0125	0.265	3592.4231	0.39	0.0009	5	4	4	2	3	3	762	26	43	817	819	43
1	673.575826	1.643e-30	70.8	0.0172	0.195	6351.9136	0.41	-0.0009	3	4	4	2	3	3	762	26	42	817	101	42
1	673.755361	1.315e-30	8.595e-06	0.019	0.265	3266.7629	0.39	-0.00664	3	4	4	2	3	3	762	26	44	817	819	44
1	673.789586	9.084e-30	0.109	0.0615	0.333	4756.3936	0.56	-0.0034	4	4	4	2	3	3	762	26	41	817	819	41
1	673.835348	9.847e-29	1.855	0.0385	0.281	4905.6528	0.39	0.000756	4	4	4	2	3	3	762	26	41	817	819	41
1	673.937359	1.519e-30	0.000325	0.0692	0.352	3879.3359	0.61	0.002964	4	4	4	2	3	3	762	26	41	817	819	41
1	674.154906	7.009e-30	117.8	0.012	0.221	6360.1943	0.38	0.0028	3	4	4	2	3	3	762	26	42	817	101	42
1	674.155059	2.337e-30	117.8	0.012	0.221	6360.1943	0.38	0.0028	3	4	4	2	3	3	762	26	42	817	101	42
1	674.284312	1.122e-29	0.3913	0.0411	0.315	4996.3306	0.51	-0.011312	4	4	4	2	3	3	762	26	41	817	819	41
1	674.531784	1.574e-24	9.628	0.0555	0.312	3083.8655	0.3	-0.0016	5	5	5	2	4	3	18	767	62	95	62	42
1	674.733042	4.983e-28	3.721	0.0404	0.281	4714.8184	0.39	0.0118	4	4	4	2	3	3	762	26	41	817	819	41
1	674.754488	1.818e-30	0.0001682	0.0893	0.412	3375.2976	0.69	0.00286	4	4	4	2	3	3	762	26	38	817	819	38
1	674.951471	5.327e-30	0.0002226	0.0888	0.391	3478.9863	0.67	0.0021	5	4	4	2	3	3	762	26	41	817	819	41
1	675.205916	7.504e-30	0.0005688	0.0911	0.412	3375.2976	0.67	0.0056	5	4	4	2	3	3	762	26	41	817	819	41
1	675.49424	8.547e-30	4.78e-05	0.0325	0.235	3264.3362	0.36	-0.007092	4	4	4	2	3	3	762	26	44	817	101	44
1	675.629346	3.039e-28	60.66	0.0075	0.172	5492.0796	0.41	0.0	4	4	4	2	3	0	762	26	45	817	101	886
